<?xml version="1.0" encoding="UTF-8"?>
<!-- Generated by org.testng.reporters.JUnitReportReporter -->
<testsuite hostname="DESKTOP-FLNQL3P" failures="0" tests="1" name="testCases.CreateAnAccountNeg" time="29.839" errors="0" timestamp="2021-08-11T18:20:25 BST" skipped="0">
  <testcase classname="testCases.CreateAnAccountNeg" name="CreateAccount" time="29.839"/>
  <system-out/>
</testsuite> <!-- testCases.CreateAnAccountNeg -->
