<?xml version="1.0" encoding="UTF-8"?>
<!-- Generated by org.testng.reporters.JUnitReportReporter -->
<testsuite hostname="DESKTOP-FLNQL3P" failures="0" tests="1" name="testCases.CreateAnAccount" time="32.531" errors="0" timestamp="23 Sep 2021 09:34:08 GMT">
  <testcase classname="testCases.CreateAnAccount" name="CreateAccount" time="32.531"/>
</testsuite> <!-- testCases.CreateAnAccount -->
