<?xml version="1.0" encoding="UTF-8"?>
<!-- Generated by org.testng.reporters.JUnitReportReporter -->
<testsuite hostname="DESKTOP-FLNQL3P" failures="0" tests="1" name="testCases.CreateAnAccount" time="23.305" errors="0" timestamp="16 Sep 2021 08:48:27 GMT">
  <testcase classname="testCases.CreateAnAccount" name="CreateAccount" time="23.305"/>
</testsuite> <!-- testCases.CreateAnAccount -->
