<?xml version="1.0" encoding="UTF-8"?>
<!-- Generated by org.testng.reporters.JUnitReportReporter -->
<testsuite hostname="DESKTOP-FLNQL3P" failures="0" tests="1" name="testCases.MyAccount" time="25.031" errors="0" timestamp="16 Sep 2021 09:43:41 GMT">
  <testcase classname="testCases.MyAccount" name="MyAccount1" time="25.031"/>
</testsuite> <!-- testCases.MyAccount -->
