<?xml version="1.0" encoding="UTF-8"?>
<!-- Generated by org.testng.reporters.JUnitReportReporter -->
<testsuite hostname="DESKTOP-FLNQL3P" failures="0" tests="1" name="testCases.ResetPassword" time="12.698" errors="0" timestamp="8 Oct 2021 09:02:30 GMT">
  <testcase classname="testCases.ResetPassword" name="ResetPasswordForAccount" time="12.698"/>
</testsuite> <!-- testCases.ResetPassword -->
