<?xml version="1.0" encoding="UTF-8"?>
<!-- Generated by org.testng.reporters.JUnitReportReporter -->
<testsuite hostname="DESKTOP-FLNQL3P" failures="0" tests="1" name="testCases.Homepage" time="36.282" errors="0" timestamp="29 Sep 2021 11:36:59 GMT">
  <testcase classname="testCases.Homepage" name="Homepage1" time="36.282"/>
</testsuite> <!-- testCases.Homepage -->
