<?xml version="1.0" encoding="UTF-8"?>
<!-- Generated by org.testng.reporters.JUnitReportReporter -->
<testsuite hostname="DESKTOP-FLNQL3P" failures="0" tests="1" name="testCases.CreateAnAccountLocal" time="20.679" errors="0" timestamp="11 Aug 2021 18:39:44 GMT">
  <testcase classname="testCases.CreateAnAccountLocal" name="CreateAccount" time="20.679"/>
</testsuite> <!-- testCases.CreateAnAccountLocal -->
