<?xml version="1.0" encoding="UTF-8"?>
<!-- Generated by org.testng.reporters.JUnitReportReporter -->
<testsuite hostname="DESKTOP-FLNQL3P" failures="0" tests="1" name="testCases.CreateAnAccountNeg" time="28.869" errors="0" timestamp="11 Aug 2021 18:39:44 GMT">
  <testcase classname="testCases.CreateAnAccountNeg" name="CreateAccount" time="28.869"/>
</testsuite> <!-- testCases.CreateAnAccountNeg -->
